# JRE version: Java(TM) SE Runtime Environment (8.0_191-b12) (build 1.8.0_191-b12)
# Java VM: Java HotSpot(TM) Client VM (25.191-b12 mixed mode windows-x86 )
Heap:
 def new generation   total 65856K, used 50574K [0x04c00000, 0x09370000, 0x0f6a0000)
  eden space 58560K,  84% used [0x04c00000, 0x07c83460, 0x08530000)
  from space 7296K,  12% used [0x08530000, 0x08610598, 0x08c50000)
  to   space 7296K,   0% used [0x08c50000, 0x08c50000, 0x09370000)
 tenured generation   total 146184K, used 127984K [0x0f6a0000, 0x18562000, 0x24c00000)
   the space 146184K,  87% used [0x0f6a0000, 0x1739c128, 0x1739c200, 0x18562000)
 Metaspace       used 23018K, capacity 23556K, committed 23680K, reserved 23936K
GC Heap History (10 events):
Event: 64.786 GC heap before
{Heap before GC invocations=9 (full 2):
 def new generation   total 39424K, used 32096K [0x04c00000, 0x076c0000, 0x0f6a0000)
  eden space 35072K,  91% used [0x04c00000, 0x06b58010, 0x06e40000)
  from space 4352K,   0% used [0x06e40000, 0x06e40000, 0x07280000)
  to   space 4352K,   0% used [0x07280000, 0x07280000, 0x076c0000)
 tenured generation   total 87424K, used 71676K [0x0f6a0000, 0x14c00000, 0x24c00000)
   the space 87424K,  81% used [0x0f6a0000, 0x13c9f2a8, 0x13c9f400, 0x14c00000)
 Metaspace       used 21752K, capacity 22238K, committed 22272K, reserved 22912K
Event: 64.950 GC heap after
Heap after GC invocations=10 (full 3):
 def new generation   total 65856K, used 0K [0x04c00000, 0x09370000, 0x0f6a0000)
  eden space 58560K,   0% used [0x04c00000, 0x04c00000, 0x08530000)
  from space 7296K,   0% used [0x08530000, 0x08530000, 0x08c50000)
  to   space 7296K,   0% used [0x08c50000, 0x08c50000, 0x09370000)
 tenured generation   total 146184K, used 87709K [0x0f6a0000, 0x18562000, 0x24c00000)
   the space 146184K,  59% used [0x0f6a0000, 0x14c47778, 0x14c47800, 0x18562000)
 Metaspace       used 21752K, capacity 22238K, committed 22272K, reserved 22912K
}
Event: 65.457 GC heap before
{Heap before GC invocations=10 (full 3):
 def new generation   total 65856K, used 58560K [0x04c00000, 0x09370000, 0x0f6a0000)
  eden space 58560K, 100% used [0x04c00000, 0x08530000, 0x08530000)
  from space 7296K,   0% used [0x08530000, 0x08530000, 0x08c50000)
  to   space 7296K,   0% used [0x08c50000, 0x08c50000, 0x09370000)
 tenured generation   total 146184K, used 87709K [0x0f6a0000, 0x18562000, 0x24c00000)
   the space 146184K,  59% used [0x0f6a0000, 0x14c47778, 0x14c47800, 0x18562000)
 Metaspace       used 21783K, capacity 22285K, committed 22400K, reserved 22912K
Event: 65.541 GC heap after
Heap after GC invocations=11 (full 3):
 def new generation   total 65856K, used 7296K [0x04c00000, 0x09370000, 0x0f6a0000)
  eden space 58560K,   0% used [0x04c00000, 0x04c00000, 0x08530000)
  from space 7296K, 100% used [0x08c50000, 0x09370000, 0x09370000)
  to   space 7296K,   0% used [0x08530000, 0x08530000, 0x08c50000)
 tenured generation   total 146184K, used 112526K [0x0f6a0000, 0x18562000, 0x24c00000)
   the space 146184K,  76% used [0x0f6a0000, 0x16483b20, 0x16483c00, 0x18562000)
 Metaspace       used 21783K, capacity 22285K, committed 22400K, reserved 22912K
}
Event: 261.595 GC heap before
{Heap before GC invocations=11 (full 3):
 def new generation   total 65856K, used 65856K [0x04c00000, 0x09370000, 0x0f6a0000)
  eden space 58560K, 100% used [0x04c00000, 0x08530000, 0x08530000)
  from space 7296K, 100% used [0x08c50000, 0x09370000, 0x09370000)
  to   space 7296K,   0% used [0x08530000, 0x08530000, 0x08c50000)
 tenured generation   total 146184K, used 112526K [0x0f6a0000, 0x18562000, 0x24c00000)
   the space 146184K,  76% used [0x0f6a0000, 0x16483b20, 0x16483c00, 0x18562000)
 Metaspace       used 22997K, capacity 23524K, committed 23552K, reserved 23936K
Event: 261.642 GC heap after
Heap after GC invocations=12 (full 3):
 def new generation   total 65856K, used 4946K [0x04c00000, 0x09370000, 0x0f6a0000)
  eden space 58560K,   0% used [0x04c00000, 0x04c00000, 0x08530000)
  from space 7296K,  67% used [0x08530000, 0x08a04940, 0x08c50000)
  to   space 7296K,   0% used [0x08c50000, 0x08c50000, 0x09370000)
 tenured generation   total 146184K, used 123703K [0x0f6a0000, 0x18562000, 0x24c00000)
   the space 146184K,  84% used [0x0f6a0000, 0x16f6dfd0, 0x16f6e000, 0x18562000)
 Metaspace       used 22997K, capacity 23524K, committed 23552K, reserved 23936K
}
Event: 479.370 GC heap before
{Heap before GC invocations=12 (full 3):
 def new generation   total 65856K, used 63506K [0x04c00000, 0x09370000, 0x0f6a0000)
  eden space 58560K, 100% used [0x04c00000, 0x08530000, 0x08530000)
  from space 7296K,  67% used [0x08530000, 0x08a04940, 0x08c50000)
  to   space 7296K,   0% used [0x08c50000, 0x08c50000, 0x09370000)
 tenured generation   total 146184K, used 123703K [0x0f6a0000, 0x18562000, 0x24c00000)
   the space 146184K,  84% used [0x0f6a0000, 0x16f6dfd0, 0x16f6e000, 0x18562000)
 Metaspace       used 23016K, capacity 23556K, committed 23680K, reserved 23936K
Event: 479.386 GC heap after
Heap after GC invocations=13 (full 3):
 def new generation   total 65856K, used 590K [0x04c00000, 0x09370000, 0x0f6a0000)
  eden space 58560K,   0% used [0x04c00000, 0x04c00000, 0x08530000)
  from space 7296K,   8% used [0x08c50000, 0x08ce3b70, 0x09370000)
  to   space 7296K,   0% used [0x08530000, 0x08530000, 0x08c50000)
 tenured generation   total 146184K, used 127984K [0x0f6a0000, 0x18562000, 0x24c00000)
   the space 146184K,  87% used [0x0f6a0000, 0x1739c128, 0x1739c200, 0x18562000)
 Metaspace       used 23016K, capacity 23556K, committed 23680K, reserved 23936K
}
Event: 864.003 GC heap before
{Heap before GC invocations=13 (full 3):
 def new generation   total 65856K, used 59150K [0x04c00000, 0x09370000, 0x0f6a0000)
  eden space 58560K, 100% used [0x04c00000, 0x08530000, 0x08530000)
  from space 7296K,   8% used [0x08c50000, 0x08ce3b70, 0x09370000)
  to   space 7296K,   0% used [0x08530000, 0x08530000, 0x08c50000)
 tenured generation   total 146184K, used 127984K [0x0f6a0000, 0x18562000, 0x24c00000)
   the space 146184K,  87% used [0x0f6a0000, 0x1739c128, 0x1739c200, 0x18562000)
 Metaspace       used 23018K, capacity 23556K, committed 23680K, reserved 23936K
Event: 864.010 GC heap after
Heap after GC invocations=14 (full 3):
 def new generation   total 65856K, used 897K [0x04c00000, 0x09370000, 0x0f6a0000)
  eden space 58560K,   0% used [0x04c00000, 0x04c00000, 0x08530000)
  from space 7296K,  12% used [0x08530000, 0x08610598, 0x08c50000)
  to   space 7296K,   0% used [0x08c50000, 0x08c50000, 0x09370000)
 tenured generation   total 146184K, used 127984K [0x0f6a0000, 0x18562000, 0x24c00000)
   the space 146184K,  87% used [0x0f6a0000, 0x1739c128, 0x1739c200, 0x18562000)
 Metaspace       used 23018K, capacity 23556K, committed 23680K, reserved 23936K
}

